This file contains any messages produced by compilers while
running configure, to aid debugging if configure makes a mistake.

It was created by dosbox configure CVS, which was
generated by GNU Autoconf 2.67.  Invocation command line was

  $ ./configure 

## --------- ##
## Platform. ##
## --------- ##

hostname = raspberrypi
uname -m = armv6l
uname -r = 3.6.11+
uname -s = Linux
uname -v = #371 PREEMPT Thu Feb 7 16:31:35 GMT 2013

/usr/bin/uname -p = unknown
/bin/uname -X     = unknown

/bin/arch              = unknown
/usr/bin/arch -k       = unknown
/usr/convex/getsysinfo = unknown
/usr/bin/hostinfo      = unknown
/bin/machine           = unknown
/usr/bin/oslevel       = unknown
/bin/universe          = unknown

PATH: /usr/local/sbin
PATH: /usr/local/bin
PATH: /usr/sbin
PATH: /usr/bin
PATH: /sbin
PATH: /bin


## ----------- ##
## Core tests. ##
## ----------- ##

configure:2475: checking build system type
configure:2489: result: armv6l-unknown-linux-gnueabi
configure:2509: checking host system type
configure:2522: result: armv6l-unknown-linux-gnueabi
configure:2560: checking for a BSD-compatible install
configure:2628: result: /usr/bin/install -c
configure:2639: checking whether build environment is sane
configure:2689: result: yes
configure:2830: checking for a thread-safe mkdir -p
configure:2869: result: /bin/mkdir -p
configure:2882: checking for gawk
configure:2912: result: no
configure:2882: checking for mawk
configure:2898: found /usr/bin/mawk
configure:2909: result: mawk
configure:2920: checking whether make sets $(MAKE)
configure:2942: result: yes
configure:3025: checking whether make sets $(MAKE)
configure:3047: result: yes
configure:3104: checking for gcc
configure:3120: found /usr/bin/gcc
configure:3131: result: gcc
configure:3360: checking for C compiler version
configure:3369: gcc --version >&5
gcc (Debian 4.6.3-14+rpi1) 4.6.3
Copyright (C) 2011 Free Software Foundation, Inc.
This is free software; see the source for copying conditions.  There is NO
warranty; not even for MERCHANTABILITY or FITNESS FOR A PARTICULAR PURPOSE.

configure:3380: $? = 0
configure:3369: gcc -v >&5
Using built-in specs.
COLLECT_GCC=gcc
COLLECT_LTO_WRAPPER=/usr/lib/gcc/arm-linux-gnueabihf/4.6/lto-wrapper
Target: arm-linux-gnueabihf
Configured with: ../src/configure -v --with-pkgversion='Debian 4.6.3-14+rpi1' --with-bugurl=file:///usr/share/doc/gcc-4.6/README.Bugs --enable-languages=c,c++,fortran,objc,obj-c++ --prefix=/usr --program-suffix=-4.6 --enable-shared --enable-linker-build-id --with-system-zlib --libexecdir=/usr/lib --without-included-gettext --enable-threads=posix --with-gxx-include-dir=/usr/include/c++/4.6 --libdir=/usr/lib --enable-nls --with-sysroot=/ --enable-clocale=gnu --enable-libstdcxx-debug --enable-libstdcxx-time=yes --enable-gnu-unique-object --enable-plugin --enable-objc-gc --disable-sjlj-exceptions --with-arch=armv6 --with-fpu=vfp --with-float=hard --enable-checking=release --build=arm-linux-gnueabihf --host=arm-linux-gnueabihf --target=arm-linux-gnueabihf
Thread model: posix
gcc version 4.6.3 (Debian 4.6.3-14+rpi1) 
configure:3380: $? = 0
configure:3369: gcc -V >&5
gcc: error: unrecognized option '-V'
gcc: fatal error: no input files
compilation terminated.
configure:3380: $? = 4
configure:3369: gcc -qversion >&5
gcc: error: unrecognized option '-qversion'
gcc: fatal error: no input files
compilation terminated.
configure:3380: $? = 4
configure:3400: checking whether the C compiler works
configure:3422: gcc -mcpu=arm1176jzf-s -march=armv6zk -mfpu=vfp -O2 -mcpu=arm1176jzf-s -march=armv6zk -mfpu=vfp -O2  conftest.c  >&5
configure:3426: $? = 0
configure:3474: result: yes
configure:3477: checking for C compiler default output file name
configure:3479: result: a.out
configure:3485: checking for suffix of executables
configure:3492: gcc -o conftest -mcpu=arm1176jzf-s -march=armv6zk -mfpu=vfp -O2 -mcpu=arm1176jzf-s -march=armv6zk -mfpu=vfp -O2  conftest.c  >&5
configure:3496: $? = 0
configure:3518: result: 
configure:3540: checking whether we are cross compiling
configure:3548: gcc -o conftest -mcpu=arm1176jzf-s -march=armv6zk -mfpu=vfp -O2 -mcpu=arm1176jzf-s -march=armv6zk -mfpu=vfp -O2  conftest.c  >&5
configure:3552: $? = 0
configure:3559: ./conftest
configure:3563: $? = 0
configure:3578: result: no
configure:3583: checking for suffix of object files
configure:3605: gcc -c -mcpu=arm1176jzf-s -march=armv6zk -mfpu=vfp -O2 -mcpu=arm1176jzf-s -march=armv6zk -mfpu=vfp -O2 conftest.c >&5
configure:3609: $? = 0
configure:3630: result: o
configure:3634: checking whether we are using the GNU C compiler
configure:3653: gcc -c -mcpu=arm1176jzf-s -march=armv6zk -mfpu=vfp -O2 -mcpu=arm1176jzf-s -march=armv6zk -mfpu=vfp -O2 conftest.c >&5
configure:3653: $? = 0
configure:3662: result: yes
configure:3671: checking whether gcc accepts -g
configure:3691: gcc -c -g -mcpu=arm1176jzf-s -march=armv6zk -mfpu=vfp -O2 conftest.c >&5
configure:3691: $? = 0
configure:3732: result: yes
configure:3749: checking for gcc option to accept ISO C89
configure:3813: gcc  -c -mcpu=arm1176jzf-s -march=armv6zk -mfpu=vfp -O2 -mcpu=arm1176jzf-s -march=armv6zk -mfpu=vfp -O2 conftest.c >&5
configure:3813: $? = 0
configure:3826: result: none needed
configure:3857: checking for style of include used by make
configure:3885: result: GNU
configure:3910: checking dependency style of gcc
configure:4020: result: gcc3
configure:4040: checking how to run the C preprocessor
configure:4071: gcc -E -mcpu=arm1176jzf-s -march=armv6zk -mfpu=vfp -O2 conftest.c
configure:4071: $? = 0
configure:4085: gcc -E -mcpu=arm1176jzf-s -march=armv6zk -mfpu=vfp -O2 conftest.c
conftest.c:11:28: fatal error: ac_nonexistent.h: No such file or directory
compilation terminated.
configure:4085: $? = 1
configure: failed program was:
| /* confdefs.h */
| #define PACKAGE_NAME "dosbox"
| #define PACKAGE_TARNAME "dosbox"
| #define PACKAGE_VERSION "CVS"
| #define PACKAGE_STRING "dosbox CVS"
| #define PACKAGE_BUGREPORT ""
| #define PACKAGE_URL ""
| #define PACKAGE "dosbox"
| #define VERSION "CVS"
| /* end confdefs.h.  */
| #include <ac_nonexistent.h>
configure:4110: result: gcc -E
configure:4130: gcc -E -mcpu=arm1176jzf-s -march=armv6zk -mfpu=vfp -O2 conftest.c
configure:4130: $? = 0
configure:4144: gcc -E -mcpu=arm1176jzf-s -march=armv6zk -mfpu=vfp -O2 conftest.c
conftest.c:11:28: fatal error: ac_nonexistent.h: No such file or directory
compilation terminated.
configure:4144: $? = 1
configure: failed program was:
| /* confdefs.h */
| #define PACKAGE_NAME "dosbox"
| #define PACKAGE_TARNAME "dosbox"
| #define PACKAGE_VERSION "CVS"
| #define PACKAGE_STRING "dosbox CVS"
| #define PACKAGE_BUGREPORT ""
| #define PACKAGE_URL ""
| #define PACKAGE "dosbox"
| #define VERSION "CVS"
| /* end confdefs.h.  */
| #include <ac_nonexistent.h>
configure:4230: checking for g++
configure:4246: found /usr/bin/g++
configure:4257: result: g++
configure:4284: checking for C++ compiler version
configure:4293: g++ --version >&5
g++ (Debian 4.6.3-14+rpi1) 4.6.3
Copyright (C) 2011 Free Software Foundation, Inc.
This is free software; see the source for copying conditions.  There is NO
warranty; not even for MERCHANTABILITY or FITNESS FOR A PARTICULAR PURPOSE.

configure:4304: $? = 0
configure:4293: g++ -v >&5
Using built-in specs.
COLLECT_GCC=g++
COLLECT_LTO_WRAPPER=/usr/lib/gcc/arm-linux-gnueabihf/4.6/lto-wrapper
Target: arm-linux-gnueabihf
Configured with: ../src/configure -v --with-pkgversion='Debian 4.6.3-14+rpi1' --with-bugurl=file:///usr/share/doc/gcc-4.6/README.Bugs --enable-languages=c,c++,fortran,objc,obj-c++ --prefix=/usr --program-suffix=-4.6 --enable-shared --enable-linker-build-id --with-system-zlib --libexecdir=/usr/lib --without-included-gettext --enable-threads=posix --with-gxx-include-dir=/usr/include/c++/4.6 --libdir=/usr/lib --enable-nls --with-sysroot=/ --enable-clocale=gnu --enable-libstdcxx-debug --enable-libstdcxx-time=yes --enable-gnu-unique-object --enable-plugin --enable-objc-gc --disable-sjlj-exceptions --with-arch=armv6 --with-fpu=vfp --with-float=hard --enable-checking=release --build=arm-linux-gnueabihf --host=arm-linux-gnueabihf --target=arm-linux-gnueabihf
Thread model: posix
gcc version 4.6.3 (Debian 4.6.3-14+rpi1) 
configure:4304: $? = 0
configure:4293: g++ -V >&5
g++: error: unrecognized option '-V'
g++: fatal error: no input files
compilation terminated.
configure:4304: $? = 4
configure:4293: g++ -qversion >&5
g++: error: unrecognized option '-qversion'
g++: fatal error: no input files
compilation terminated.
configure:4304: $? = 4
configure:4308: checking whether we are using the GNU C++ compiler
configure:4327: g++ -c  -mcpu=arm1176jzf-s -march=armv6zk -mfpu=vfp -O2 conftest.cpp >&5
configure:4327: $? = 0
configure:4336: result: yes
configure:4345: checking whether g++ accepts -g
configure:4365: g++ -c -g -mcpu=arm1176jzf-s -march=armv6zk -mfpu=vfp -O2 conftest.cpp >&5
configure:4365: $? = 0
configure:4406: result: yes
configure:4431: checking dependency style of g++
configure:4541: result: gcc3
configure:4600: checking for ranlib
configure:4616: found /usr/bin/ranlib
configure:4627: result: ranlib
configure:4697: checking for sdl-config
configure:4715: found /usr/bin/sdl-config
configure:4728: result: /usr/bin/sdl-config
configure:4737: checking for SDL - version >= 1.2.0
configure:4822: gcc -o conftest -mcpu=arm1176jzf-s -march=armv6zk -mfpu=vfp -O2 -I/usr/include/SDL -D_GNU_SOURCE=1 -D_REENTRANT -mcpu=arm1176jzf-s -march=armv6zk -mfpu=vfp -O2  conftest.c  -L/usr/lib/arm-linux-gnueabihf -lSDL >&5
configure:4822: $? = 0
configure:4822: ./conftest
configure:4822: $? = 0
configure:4836: result: yes
configure:4902: checking SDL version only being 1.2.X
configure:4916: gcc -c -mcpu=arm1176jzf-s -march=armv6zk -mfpu=vfp -O2 -mcpu=arm1176jzf-s -march=armv6zk -mfpu=vfp -O2 -I/usr/include/SDL -D_GNU_SOURCE=1 -D_REENTRANT conftest.c >&5
configure:4916: $? = 0
configure:4917: result: yes
configure:4928: checking for an ANSI C-conforming const
configure:4993: gcc -c -mcpu=arm1176jzf-s -march=armv6zk -mfpu=vfp -O2 -mcpu=arm1176jzf-s -march=armv6zk -mfpu=vfp -O2 -I/usr/include/SDL -D_GNU_SOURCE=1 -D_REENTRANT conftest.c >&5
configure:4993: $? = 0
configure:5000: result: yes
configure:5008: checking for inline
configure:5024: gcc -c -mcpu=arm1176jzf-s -march=armv6zk -mfpu=vfp -O2 -mcpu=arm1176jzf-s -march=armv6zk -mfpu=vfp -O2 -I/usr/include/SDL -D_GNU_SOURCE=1 -D_REENTRANT conftest.c >&5
configure:5024: $? = 0
configure:5032: result: inline
configure:5051: checking for grep that handles long lines and -e
configure:5109: result: /bin/grep
configure:5114: checking for egrep
configure:5176: result: /bin/grep -E
configure:5181: checking for ANSI C header files
configure:5201: gcc -c -mcpu=arm1176jzf-s -march=armv6zk -mfpu=vfp -O2 -mcpu=arm1176jzf-s -march=armv6zk -mfpu=vfp -O2 -I/usr/include/SDL -D_GNU_SOURCE=1 -D_REENTRANT conftest.c >&5
configure:5201: $? = 0
configure:5274: gcc -o conftest -mcpu=arm1176jzf-s -march=armv6zk -mfpu=vfp -O2 -mcpu=arm1176jzf-s -march=armv6zk -mfpu=vfp -O2 -I/usr/include/SDL -D_GNU_SOURCE=1 -D_REENTRANT  conftest.c  -L/usr/lib/arm-linux-gnueabihf -lSDL >&5
configure:5274: $? = 0
configure:5274: ./conftest
configure:5274: $? = 0
configure:5285: result: yes
configure:5298: checking for sys/types.h
configure:5298: gcc -c -mcpu=arm1176jzf-s -march=armv6zk -mfpu=vfp -O2 -mcpu=arm1176jzf-s -march=armv6zk -mfpu=vfp -O2 -I/usr/include/SDL -D_GNU_SOURCE=1 -D_REENTRANT conftest.c >&5
configure:5298: $? = 0
configure:5298: result: yes
configure:5298: checking for sys/stat.h
configure:5298: gcc -c -mcpu=arm1176jzf-s -march=armv6zk -mfpu=vfp -O2 -mcpu=arm1176jzf-s -march=armv6zk -mfpu=vfp -O2 -I/usr/include/SDL -D_GNU_SOURCE=1 -D_REENTRANT conftest.c >&5
configure:5298: $? = 0
configure:5298: result: yes
configure:5298: checking for stdlib.h
configure:5298: gcc -c -mcpu=arm1176jzf-s -march=armv6zk -mfpu=vfp -O2 -mcpu=arm1176jzf-s -march=armv6zk -mfpu=vfp -O2 -I/usr/include/SDL -D_GNU_SOURCE=1 -D_REENTRANT conftest.c >&5
configure:5298: $? = 0
configure:5298: result: yes
configure:5298: checking for string.h
configure:5298: gcc -c -mcpu=arm1176jzf-s -march=armv6zk -mfpu=vfp -O2 -mcpu=arm1176jzf-s -march=armv6zk -mfpu=vfp -O2 -I/usr/include/SDL -D_GNU_SOURCE=1 -D_REENTRANT conftest.c >&5
configure:5298: $? = 0
configure:5298: result: yes
configure:5298: checking for memory.h
configure:5298: gcc -c -mcpu=arm1176jzf-s -march=armv6zk -mfpu=vfp -O2 -mcpu=arm1176jzf-s -march=armv6zk -mfpu=vfp -O2 -I/usr/include/SDL -D_GNU_SOURCE=1 -D_REENTRANT conftest.c >&5
configure:5298: $? = 0
configure:5298: result: yes
configure:5298: checking for strings.h
configure:5298: gcc -c -mcpu=arm1176jzf-s -march=armv6zk -mfpu=vfp -O2 -mcpu=arm1176jzf-s -march=armv6zk -mfpu=vfp -O2 -I/usr/include/SDL -D_GNU_SOURCE=1 -D_REENTRANT conftest.c >&5
configure:5298: $? = 0
configure:5298: result: yes
configure:5298: checking for inttypes.h
configure:5298: gcc -c -mcpu=arm1176jzf-s -march=armv6zk -mfpu=vfp -O2 -mcpu=arm1176jzf-s -march=armv6zk -mfpu=vfp -O2 -I/usr/include/SDL -D_GNU_SOURCE=1 -D_REENTRANT conftest.c >&5
configure:5298: $? = 0
configure:5298: result: yes
configure:5298: checking for stdint.h
configure:5298: gcc -c -mcpu=arm1176jzf-s -march=armv6zk -mfpu=vfp -O2 -mcpu=arm1176jzf-s -march=armv6zk -mfpu=vfp -O2 -I/usr/include/SDL -D_GNU_SOURCE=1 -D_REENTRANT conftest.c >&5
configure:5298: $? = 0
configure:5298: result: yes
configure:5298: checking for unistd.h
configure:5298: gcc -c -mcpu=arm1176jzf-s -march=armv6zk -mfpu=vfp -O2 -mcpu=arm1176jzf-s -march=armv6zk -mfpu=vfp -O2 -I/usr/include/SDL -D_GNU_SOURCE=1 -D_REENTRANT conftest.c >&5
configure:5298: $? = 0
configure:5298: result: yes
configure:5310: checking for size_t
configure:5310: gcc -c -mcpu=arm1176jzf-s -march=armv6zk -mfpu=vfp -O2 -mcpu=arm1176jzf-s -march=armv6zk -mfpu=vfp -O2 -I/usr/include/SDL -D_GNU_SOURCE=1 -D_REENTRANT conftest.c >&5
configure:5310: $? = 0
configure:5310: gcc -c -mcpu=arm1176jzf-s -march=armv6zk -mfpu=vfp -O2 -mcpu=arm1176jzf-s -march=armv6zk -mfpu=vfp -O2 -I/usr/include/SDL -D_GNU_SOURCE=1 -D_REENTRANT conftest.c >&5
conftest.c: In function 'main':
conftest.c:57:21: error: expected expression before ')' token
configure:5310: $? = 1
configure: failed program was:
| /* confdefs.h */
| #define PACKAGE_NAME "dosbox"
| #define PACKAGE_TARNAME "dosbox"
| #define PACKAGE_VERSION "CVS"
| #define PACKAGE_STRING "dosbox CVS"
| #define PACKAGE_BUGREPORT ""
| #define PACKAGE_URL ""
| #define PACKAGE "dosbox"
| #define VERSION "CVS"
| #define STDC_HEADERS 1
| #define HAVE_SYS_TYPES_H 1
| #define HAVE_SYS_STAT_H 1
| #define HAVE_STDLIB_H 1
| #define HAVE_STRING_H 1
| #define HAVE_MEMORY_H 1
| #define HAVE_STRINGS_H 1
| #define HAVE_INTTYPES_H 1
| #define HAVE_STDINT_H 1
| #define HAVE_UNISTD_H 1
| /* end confdefs.h.  */
| #include <stdio.h>
| #ifdef HAVE_SYS_TYPES_H
| # include <sys/types.h>
| #endif
| #ifdef HAVE_SYS_STAT_H
| # include <sys/stat.h>
| #endif
| #ifdef STDC_HEADERS
| # include <stdlib.h>
| # include <stddef.h>
| #else
| # ifdef HAVE_STDLIB_H
| #  include <stdlib.h>
| # endif
| #endif
| #ifdef HAVE_STRING_H
| # if !defined STDC_HEADERS && defined HAVE_MEMORY_H
| #  include <memory.h>
| # endif
| # include <string.h>
| #endif
| #ifdef HAVE_STRINGS_H
| # include <strings.h>
| #endif
| #ifdef HAVE_INTTYPES_H
| # include <inttypes.h>
| #endif
| #ifdef HAVE_STDINT_H
| # include <stdint.h>
| #endif
| #ifdef HAVE_UNISTD_H
| # include <unistd.h>
| #endif
| int
| main ()
| {
| if (sizeof ((size_t)))
| 	    return 0;
|   ;
|   return 0;
| }
configure:5310: result: yes
configure:5321: checking whether struct tm is in sys/time.h or time.h
configure:5341: gcc -c -mcpu=arm1176jzf-s -march=armv6zk -mfpu=vfp -O2 -mcpu=arm1176jzf-s -march=armv6zk -mfpu=vfp -O2 -I/usr/include/SDL -D_GNU_SOURCE=1 -D_REENTRANT conftest.c >&5
configure:5341: $? = 0
configure:5348: result: time.h
configure:5360: checking size of unsigned char
configure:5365: gcc -o conftest -mcpu=arm1176jzf-s -march=armv6zk -mfpu=vfp -O2 -mcpu=arm1176jzf-s -march=armv6zk -mfpu=vfp -O2 -I/usr/include/SDL -D_GNU_SOURCE=1 -D_REENTRANT  conftest.c  -L/usr/lib/arm-linux-gnueabihf -lSDL >&5
configure:5365: $? = 0
configure:5365: ./conftest
configure:5365: $? = 0
configure:5379: result: 1
configure:5393: checking size of unsigned short
configure:5398: gcc -o conftest -mcpu=arm1176jzf-s -march=armv6zk -mfpu=vfp -O2 -mcpu=arm1176jzf-s -march=armv6zk -mfpu=vfp -O2 -I/usr/include/SDL -D_GNU_SOURCE=1 -D_REENTRANT  conftest.c  -L/usr/lib/arm-linux-gnueabihf -lSDL >&5
configure:5398: $? = 0
configure:5398: ./conftest
configure:5398: $? = 0
configure:5412: result: 2
configure:5426: checking size of unsigned int
configure:5431: gcc -o conftest -mcpu=arm1176jzf-s -march=armv6zk -mfpu=vfp -O2 -mcpu=arm1176jzf-s -march=armv6zk -mfpu=vfp -O2 -I/usr/include/SDL -D_GNU_SOURCE=1 -D_REENTRANT  conftest.c  -L/usr/lib/arm-linux-gnueabihf -lSDL >&5
configure:5431: $? = 0
configure:5431: ./conftest
configure:5431: $? = 0
configure:5445: result: 4
configure:5459: checking size of unsigned long
configure:5464: gcc -o conftest -mcpu=arm1176jzf-s -march=armv6zk -mfpu=vfp -O2 -mcpu=arm1176jzf-s -march=armv6zk -mfpu=vfp -O2 -I/usr/include/SDL -D_GNU_SOURCE=1 -D_REENTRANT  conftest.c  -L/usr/lib/arm-linux-gnueabihf -lSDL >&5
configure:5464: $? = 0
configure:5464: ./conftest
configure:5464: $? = 0
configure:5478: result: 4
configure:5492: checking size of unsigned long long
configure:5497: gcc -o conftest -mcpu=arm1176jzf-s -march=armv6zk -mfpu=vfp -O2 -mcpu=arm1176jzf-s -march=armv6zk -mfpu=vfp -O2 -I/usr/include/SDL -D_GNU_SOURCE=1 -D_REENTRANT  conftest.c  -L/usr/lib/arm-linux-gnueabihf -lSDL >&5
configure:5497: $? = 0
configure:5497: ./conftest
configure:5497: $? = 0
configure:5511: result: 8
configure:5525: checking size of int *
configure:5530: gcc -o conftest -mcpu=arm1176jzf-s -march=armv6zk -mfpu=vfp -O2 -mcpu=arm1176jzf-s -march=armv6zk -mfpu=vfp -O2 -I/usr/include/SDL -D_GNU_SOURCE=1 -D_REENTRANT  conftest.c  -L/usr/lib/arm-linux-gnueabihf -lSDL >&5
configure:5530: $? = 0
configure:5530: ./conftest
configure:5530: $? = 0
configure:5544: result: 4
configure:5558: checking for stdlib.h
configure:5558: result: yes
configure:5558: checking for sys/types.h
configure:5558: result: yes
configure:5571: checking for sys/socket.h
configure:5571: gcc -c -mcpu=arm1176jzf-s -march=armv6zk -mfpu=vfp -O2 -mcpu=arm1176jzf-s -march=armv6zk -mfpu=vfp -O2 -I/usr/include/SDL -D_GNU_SOURCE=1 -D_REENTRANT conftest.c >&5
configure:5571: $? = 0
configure:5571: result: yes
configure:5571: checking for netinet/in.h
configure:5571: gcc -c -mcpu=arm1176jzf-s -march=armv6zk -mfpu=vfp -O2 -mcpu=arm1176jzf-s -march=armv6zk -mfpu=vfp -O2 -I/usr/include/SDL -D_GNU_SOURCE=1 -D_REENTRANT conftest.c >&5
configure:5571: $? = 0
configure:5571: result: yes
configure:5571: checking for pwd.h
configure:5571: gcc -c -mcpu=arm1176jzf-s -march=armv6zk -mfpu=vfp -O2 -mcpu=arm1176jzf-s -march=armv6zk -mfpu=vfp -O2 -I/usr/include/SDL -D_GNU_SOURCE=1 -D_REENTRANT conftest.c >&5
configure:5571: $? = 0
configure:5571: result: yes
configure:5615: gcc -c -mcpu=arm1176jzf-s -march=armv6zk -mfpu=vfp -O2 -mcpu=arm1176jzf-s -march=armv6zk -mfpu=vfp -O2 -I/usr/include/SDL -D_GNU_SOURCE=1 -D_REENTRANT conftest.c >&5
configure:5615: $? = 0
configure:5624: checking if environ can be included
configure:5639: gcc -o conftest -mcpu=arm1176jzf-s -march=armv6zk -mfpu=vfp -O2 -mcpu=arm1176jzf-s -march=armv6zk -mfpu=vfp -O2 -I/usr/include/SDL -D_GNU_SOURCE=1 -D_REENTRANT  conftest.c  -L/usr/lib/arm-linux-gnueabihf -lSDL >&5
configure:5639: $? = 0
configure:5640: result: yes
configure:5651: checking if environ can be linked
configure:5664: gcc -o conftest -mcpu=arm1176jzf-s -march=armv6zk -mfpu=vfp -O2 -mcpu=arm1176jzf-s -march=armv6zk -mfpu=vfp -O2 -I/usr/include/SDL -D_GNU_SOURCE=1 -D_REENTRANT  conftest.c  -L/usr/lib/arm-linux-gnueabihf -lSDL >&5
configure:5664: $? = 0
configure:5665: result: yes
configure:5676: checking if dirent includes d_type
configure:5688: gcc -c -mcpu=arm1176jzf-s -march=armv6zk -mfpu=vfp -O2 -mcpu=arm1176jzf-s -march=armv6zk -mfpu=vfp -O2 -I/usr/include/SDL -D_GNU_SOURCE=1 -D_REENTRANT conftest.c >&5
configure:5688: $? = 0
configure:5689: result: yes
configure:5700: checking for powf in libm
configure:5717: gcc -o conftest -mcpu=arm1176jzf-s -march=armv6zk -mfpu=vfp -O2 -mcpu=arm1176jzf-s -march=armv6zk -mfpu=vfp -O2 -I/usr/include/SDL -D_GNU_SOURCE=1 -D_REENTRANT  conftest.c  -L/usr/lib/arm-linux-gnueabihf -lSDL -lm >&5
configure:5717: $? = 0
configure:5718: result: yes
configure:5733: checking if compiler allows __attribute__
configure:5747: gcc -c -mcpu=arm1176jzf-s -march=armv6zk -mfpu=vfp -O2 -mcpu=arm1176jzf-s -march=armv6zk -mfpu=vfp -O2 -I/usr/include/SDL -D_GNU_SOURCE=1 -D_REENTRANT conftest.c >&5
configure:5747: $? = 0
configure:5748: result: yes
configure:5763: checking if compiler allows __attribute__((always_inline)) 
configure:5770: gcc -c -Werror -mcpu=arm1176jzf-s -march=armv6zk -mfpu=vfp -O2 -I/usr/include/SDL -D_GNU_SOURCE=1 -D_REENTRANT conftest.c >&5
configure:5770: $? = 0
configure:5771: result: yes
configure:5781: checking if compiler allows __attribute__((fastcall)) 
configure:5788: gcc -c -Werror -mcpu=arm1176jzf-s -march=armv6zk -mfpu=vfp -O2 -I/usr/include/SDL -D_GNU_SOURCE=1 -D_REENTRANT conftest.c >&5
conftest.c:37:2: error: 'fastcall' attribute directive ignored [-Werror=attributes]
cc1: all warnings being treated as errors
configure:5788: $? = 1
configure: failed program was:
| /* confdefs.h */
| #define PACKAGE_NAME "dosbox"
| #define PACKAGE_TARNAME "dosbox"
| #define PACKAGE_VERSION "CVS"
| #define PACKAGE_STRING "dosbox CVS"
| #define PACKAGE_BUGREPORT ""
| #define PACKAGE_URL ""
| #define PACKAGE "dosbox"
| #define VERSION "CVS"
| #define STDC_HEADERS 1
| #define HAVE_SYS_TYPES_H 1
| #define HAVE_SYS_STAT_H 1
| #define HAVE_STDLIB_H 1
| #define HAVE_STRING_H 1
| #define HAVE_MEMORY_H 1
| #define HAVE_STRINGS_H 1
| #define HAVE_INTTYPES_H 1
| #define HAVE_STDINT_H 1
| #define HAVE_UNISTD_H 1
| #define SIZEOF_UNSIGNED_CHAR 1
| #define SIZEOF_UNSIGNED_SHORT 2
| #define SIZEOF_UNSIGNED_INT 4
| #define SIZEOF_UNSIGNED_LONG 4
| #define SIZEOF_UNSIGNED_LONG_LONG 8
| #define SIZEOF_INT_P 4
| #define HAVE_STDLIB_H 1
| #define HAVE_SYS_TYPES_H 1
| #define HAVE_SYS_SOCKET_H 1
| #define HAVE_NETINET_IN_H 1
| #define HAVE_PWD_H 1
| #define ENVIRON_INCLUDED 1
| #define ENVIRON_LINKED 1
| #define DIRENT_HAS_D_TYPE 1
| #define C_HAS_ATTRIBUTE 1
| #define C_ATTRIBUTE_ALWAYS_INLINE 1
| /* end confdefs.h.  */
|  void __attribute__((fastcall)) test(){}
| 
configure:5793: result: no
configure:5811: checking if compiler allows __builtin_expect
configure:5827: g++ -c -g -O2 -mcpu=arm1176jzf-s -march=armv6zk -mfpu=vfp -O2 -I/usr/include/SDL -D_GNU_SOURCE=1 -D_REENTRANT conftest.cpp >&5
configure:5827: $? = 0
configure:5828: result: yes
configure:5886: checking for ALSA CFLAGS
configure:5892: result: 
configure:5895: checking for ALSA LDFLAGS
configure:5908: result:  -lasound -lm -ldl -lpthread
configure:5912: checking for libasound headers version >= 0.9.0
configure:5974: gcc -c -mcpu=arm1176jzf-s -march=armv6zk -mfpu=vfp -O2 -mcpu=arm1176jzf-s -march=armv6zk -mfpu=vfp -O2 -I/usr/include/SDL -D_GNU_SOURCE=1 -D_REENTRANT conftest.c >&5
configure:5974: $? = 0
configure:5975: result: found.
configure:5992: checking for snd_ctl_open in -lasound
configure:6017: gcc -o conftest -mcpu=arm1176jzf-s -march=armv6zk -mfpu=vfp -O2 -mcpu=arm1176jzf-s -march=armv6zk -mfpu=vfp -O2 -I/usr/include/SDL -D_GNU_SOURCE=1 -D_REENTRANT  conftest.c -lasound   -lasound -lm -ldl -lpthread -L/usr/lib/arm-linux-gnueabihf -lSDL >&5
configure:6017: $? = 0
configure:6026: result: yes
configure:6066: checking whether byte ordering is bigendian
configure:6081: gcc -c -mcpu=arm1176jzf-s -march=armv6zk -mfpu=vfp -O2 -mcpu=arm1176jzf-s -march=armv6zk -mfpu=vfp -O2 -I/usr/include/SDL -D_GNU_SOURCE=1 -D_REENTRANT conftest.c >&5
conftest.c:41:9: error: unknown type name 'not'
conftest.c:41:15: error: expected '=', ',', ';', 'asm' or '__attribute__' before 'universal'
conftest.c:41:15: error: unknown type name 'universal'
configure:6081: $? = 1
configure: failed program was:
| /* confdefs.h */
| #define PACKAGE_NAME "dosbox"
| #define PACKAGE_TARNAME "dosbox"
| #define PACKAGE_VERSION "CVS"
| #define PACKAGE_STRING "dosbox CVS"
| #define PACKAGE_BUGREPORT ""
| #define PACKAGE_URL ""
| #define PACKAGE "dosbox"
| #define VERSION "CVS"
| #define STDC_HEADERS 1
| #define HAVE_SYS_TYPES_H 1
| #define HAVE_SYS_STAT_H 1
| #define HAVE_STDLIB_H 1
| #define HAVE_STRING_H 1
| #define HAVE_MEMORY_H 1
| #define HAVE_STRINGS_H 1
| #define HAVE_INTTYPES_H 1
| #define HAVE_STDINT_H 1
| #define HAVE_UNISTD_H 1
| #define SIZEOF_UNSIGNED_CHAR 1
| #define SIZEOF_UNSIGNED_SHORT 2
| #define SIZEOF_UNSIGNED_INT 4
| #define SIZEOF_UNSIGNED_LONG 4
| #define SIZEOF_UNSIGNED_LONG_LONG 8
| #define SIZEOF_INT_P 4
| #define HAVE_STDLIB_H 1
| #define HAVE_SYS_TYPES_H 1
| #define HAVE_SYS_SOCKET_H 1
| #define HAVE_NETINET_IN_H 1
| #define HAVE_PWD_H 1
| #define ENVIRON_INCLUDED 1
| #define ENVIRON_LINKED 1
| #define DIRENT_HAS_D_TYPE 1
| #define C_HAS_ATTRIBUTE 1
| #define C_ATTRIBUTE_ALWAYS_INLINE 1
| #define C_HAS_BUILTIN_EXPECT 1
| #define HAVE_LIBASOUND 1
| #define HAVE_ALSA 1
| /* end confdefs.h.  */
| #ifndef __APPLE_CC__
| 	       not a universal capable compiler
| 	     #endif
| 	     typedef int dummy;
| 
configure:6126: gcc -c -mcpu=arm1176jzf-s -march=armv6zk -mfpu=vfp -O2 -mcpu=arm1176jzf-s -march=armv6zk -mfpu=vfp -O2 -I/usr/include/SDL -D_GNU_SOURCE=1 -D_REENTRANT conftest.c >&5
configure:6126: $? = 0
configure:6144: gcc -c -mcpu=arm1176jzf-s -march=armv6zk -mfpu=vfp -O2 -mcpu=arm1176jzf-s -march=armv6zk -mfpu=vfp -O2 -I/usr/include/SDL -D_GNU_SOURCE=1 -D_REENTRANT conftest.c >&5
conftest.c: In function 'main':
conftest.c:47:4: error: unknown type name 'not'
conftest.c:47:12: error: expected '=', ',', ';', 'asm' or '__attribute__' before 'endian'
configure:6144: $? = 1
configure: failed program was:
| /* confdefs.h */
| #define PACKAGE_NAME "dosbox"
| #define PACKAGE_TARNAME "dosbox"
| #define PACKAGE_VERSION "CVS"
| #define PACKAGE_STRING "dosbox CVS"
| #define PACKAGE_BUGREPORT ""
| #define PACKAGE_URL ""
| #define PACKAGE "dosbox"
| #define VERSION "CVS"
| #define STDC_HEADERS 1
| #define HAVE_SYS_TYPES_H 1
| #define HAVE_SYS_STAT_H 1
| #define HAVE_STDLIB_H 1
| #define HAVE_STRING_H 1
| #define HAVE_MEMORY_H 1
| #define HAVE_STRINGS_H 1
| #define HAVE_INTTYPES_H 1
| #define HAVE_STDINT_H 1
| #define HAVE_UNISTD_H 1
| #define SIZEOF_UNSIGNED_CHAR 1
| #define SIZEOF_UNSIGNED_SHORT 2
| #define SIZEOF_UNSIGNED_INT 4
| #define SIZEOF_UNSIGNED_LONG 4
| #define SIZEOF_UNSIGNED_LONG_LONG 8
| #define SIZEOF_INT_P 4
| #define HAVE_STDLIB_H 1
| #define HAVE_SYS_TYPES_H 1
| #define HAVE_SYS_SOCKET_H 1
| #define HAVE_NETINET_IN_H 1
| #define HAVE_PWD_H 1
| #define ENVIRON_INCLUDED 1
| #define ENVIRON_LINKED 1
| #define DIRENT_HAS_D_TYPE 1
| #define C_HAS_ATTRIBUTE 1
| #define C_ATTRIBUTE_ALWAYS_INLINE 1
| #define C_HAS_BUILTIN_EXPECT 1
| #define HAVE_LIBASOUND 1
| #define HAVE_ALSA 1
| /* end confdefs.h.  */
| #include <sys/types.h>
| 		#include <sys/param.h>
| 
| int
| main ()
| {
| #if BYTE_ORDER != BIG_ENDIAN
| 		 not big endian
| 		#endif
| 
|   ;
|   return 0;
| }
configure:6272: result: no
configure:6474: checking for target cpu type
configure:6512: result: unknown
configure:6534: checking whether x86 dynamic cpu core will be enabled
configure:6546: result: no
configure:6559: checking whether recompiling cpu core will be enabled
configure:6582: result: no
configure:6596: checking whether fpu emulation will be enabled
configure:6599: result: yes
configure:6616: checking whether x86 assembly fpu core will be enabled
configure:6629: result: no
configure:6646: checking whether to enable unaligned memory access
configure:6654: result: no
configure:6659: checking png.h usability
configure:6659: gcc -c -mcpu=arm1176jzf-s -march=armv6zk -mfpu=vfp -O2 -mcpu=arm1176jzf-s -march=armv6zk -mfpu=vfp -O2 -I/usr/include/SDL -D_GNU_SOURCE=1 -D_REENTRANT conftest.c >&5
configure:6659: $? = 0
configure:6659: result: yes
configure:6659: checking png.h presence
configure:6659: gcc -E -mcpu=arm1176jzf-s -march=armv6zk -mfpu=vfp -O2 -I/usr/include/SDL -D_GNU_SOURCE=1 -D_REENTRANT conftest.c
configure:6659: $? = 0
configure:6659: result: yes
configure:6659: checking for png.h
configure:6659: result: yes
configure:6665: checking for png_get_io_ptr in -lpng
configure:6690: gcc -o conftest -mcpu=arm1176jzf-s -march=armv6zk -mfpu=vfp -O2 -mcpu=arm1176jzf-s -march=armv6zk -mfpu=vfp -O2 -I/usr/include/SDL -D_GNU_SOURCE=1 -D_REENTRANT  conftest.c -lpng -lz -lasound -lm -ldl -lpthread -L/usr/lib/arm-linux-gnueabihf -lSDL >&5
configure:6690: $? = 0
configure:6699: result: yes
configure:6716: checking SDL_net.h usability
configure:6716: gcc -c -mcpu=arm1176jzf-s -march=armv6zk -mfpu=vfp -O2 -mcpu=arm1176jzf-s -march=armv6zk -mfpu=vfp -O2 -I/usr/include/SDL -D_GNU_SOURCE=1 -D_REENTRANT conftest.c >&5
conftest.c:76:21: fatal error: SDL_net.h: No such file or directory
compilation terminated.
configure:6716: $? = 1
configure: failed program was:
| /* confdefs.h */
| #define PACKAGE_NAME "dosbox"
| #define PACKAGE_TARNAME "dosbox"
| #define PACKAGE_VERSION "CVS"
| #define PACKAGE_STRING "dosbox CVS"
| #define PACKAGE_BUGREPORT ""
| #define PACKAGE_URL ""
| #define PACKAGE "dosbox"
| #define VERSION "CVS"
| #define STDC_HEADERS 1
| #define HAVE_SYS_TYPES_H 1
| #define HAVE_SYS_STAT_H 1
| #define HAVE_STDLIB_H 1
| #define HAVE_STRING_H 1
| #define HAVE_MEMORY_H 1
| #define HAVE_STRINGS_H 1
| #define HAVE_INTTYPES_H 1
| #define HAVE_STDINT_H 1
| #define HAVE_UNISTD_H 1
| #define SIZEOF_UNSIGNED_CHAR 1
| #define SIZEOF_UNSIGNED_SHORT 2
| #define SIZEOF_UNSIGNED_INT 4
| #define SIZEOF_UNSIGNED_LONG 4
| #define SIZEOF_UNSIGNED_LONG_LONG 8
| #define SIZEOF_INT_P 4
| #define HAVE_STDLIB_H 1
| #define HAVE_SYS_TYPES_H 1
| #define HAVE_SYS_SOCKET_H 1
| #define HAVE_NETINET_IN_H 1
| #define HAVE_PWD_H 1
| #define ENVIRON_INCLUDED 1
| #define ENVIRON_LINKED 1
| #define DIRENT_HAS_D_TYPE 1
| #define C_HAS_ATTRIBUTE 1
| #define C_ATTRIBUTE_ALWAYS_INLINE 1
| #define C_HAS_BUILTIN_EXPECT 1
| #define HAVE_LIBASOUND 1
| #define HAVE_ALSA 1
| #define C_TARGETCPU UNKNOWN
| #define C_FPU 1
| #define C_SSHOT 1
| /* end confdefs.h.  */
| #include <stdio.h>
| #ifdef HAVE_SYS_TYPES_H
| # include <sys/types.h>
| #endif
| #ifdef HAVE_SYS_STAT_H
| # include <sys/stat.h>
| #endif
| #ifdef STDC_HEADERS
| # include <stdlib.h>
| # include <stddef.h>
| #else
| # ifdef HAVE_STDLIB_H
| #  include <stdlib.h>
| # endif
| #endif
| #ifdef HAVE_STRING_H
| # if !defined STDC_HEADERS && defined HAVE_MEMORY_H
| #  include <memory.h>
| # endif
| # include <string.h>
| #endif
| #ifdef HAVE_STRINGS_H
| # include <strings.h>
| #endif
| #ifdef HAVE_INTTYPES_H
| # include <inttypes.h>
| #endif
| #ifdef HAVE_STDINT_H
| # include <stdint.h>
| #endif
| #ifdef HAVE_UNISTD_H
| # include <unistd.h>
| #endif
| #include <SDL_net.h>
configure:6716: result: no
configure:6716: checking SDL_net.h presence
configure:6716: gcc -E -mcpu=arm1176jzf-s -march=armv6zk -mfpu=vfp -O2 -I/usr/include/SDL -D_GNU_SOURCE=1 -D_REENTRANT conftest.c
conftest.c:43:21: fatal error: SDL_net.h: No such file or directory
compilation terminated.
configure:6716: $? = 1
configure: failed program was:
| /* confdefs.h */
| #define PACKAGE_NAME "dosbox"
| #define PACKAGE_TARNAME "dosbox"
| #define PACKAGE_VERSION "CVS"
| #define PACKAGE_STRING "dosbox CVS"
| #define PACKAGE_BUGREPORT ""
| #define PACKAGE_URL ""
| #define PACKAGE "dosbox"
| #define VERSION "CVS"
| #define STDC_HEADERS 1
| #define HAVE_SYS_TYPES_H 1
| #define HAVE_SYS_STAT_H 1
| #define HAVE_STDLIB_H 1
| #define HAVE_STRING_H 1
| #define HAVE_MEMORY_H 1
| #define HAVE_STRINGS_H 1
| #define HAVE_INTTYPES_H 1
| #define HAVE_STDINT_H 1
| #define HAVE_UNISTD_H 1
| #define SIZEOF_UNSIGNED_CHAR 1
| #define SIZEOF_UNSIGNED_SHORT 2
| #define SIZEOF_UNSIGNED_INT 4
| #define SIZEOF_UNSIGNED_LONG 4
| #define SIZEOF_UNSIGNED_LONG_LONG 8
| #define SIZEOF_INT_P 4
| #define HAVE_STDLIB_H 1
| #define HAVE_SYS_TYPES_H 1
| #define HAVE_SYS_SOCKET_H 1
| #define HAVE_NETINET_IN_H 1
| #define HAVE_PWD_H 1
| #define ENVIRON_INCLUDED 1
| #define ENVIRON_LINKED 1
| #define DIRENT_HAS_D_TYPE 1
| #define C_HAS_ATTRIBUTE 1
| #define C_ATTRIBUTE_ALWAYS_INLINE 1
| #define C_HAS_BUILTIN_EXPECT 1
| #define HAVE_LIBASOUND 1
| #define HAVE_ALSA 1
| #define C_TARGETCPU UNKNOWN
| #define C_FPU 1
| #define C_SSHOT 1
| /* end confdefs.h.  */
| #include <SDL_net.h>
configure:6716: result: no
configure:6716: checking for SDL_net.h
configure:6716: result: no
configure:6752: checking for SDLNet_Init in -lSDL_net
configure:6777: gcc -o conftest -mcpu=arm1176jzf-s -march=armv6zk -mfpu=vfp -O2 -mcpu=arm1176jzf-s -march=armv6zk -mfpu=vfp -O2 -I/usr/include/SDL -D_GNU_SOURCE=1 -D_REENTRANT  conftest.c -lSDL_net  -lasound -lm -ldl -lpthread -L/usr/lib/arm-linux-gnueabihf -lSDL -lpng -lz >&5
/usr/bin/ld: cannot find -lSDL_net
collect2: ld returned 1 exit status
configure:6777: $? = 1
configure: failed program was:
| /* confdefs.h */
| #define PACKAGE_NAME "dosbox"
| #define PACKAGE_TARNAME "dosbox"
| #define PACKAGE_VERSION "CVS"
| #define PACKAGE_STRING "dosbox CVS"
| #define PACKAGE_BUGREPORT ""
| #define PACKAGE_URL ""
| #define PACKAGE "dosbox"
| #define VERSION "CVS"
| #define STDC_HEADERS 1
| #define HAVE_SYS_TYPES_H 1
| #define HAVE_SYS_STAT_H 1
| #define HAVE_STDLIB_H 1
| #define HAVE_STRING_H 1
| #define HAVE_MEMORY_H 1
| #define HAVE_STRINGS_H 1
| #define HAVE_INTTYPES_H 1
| #define HAVE_STDINT_H 1
| #define HAVE_UNISTD_H 1
| #define SIZEOF_UNSIGNED_CHAR 1
| #define SIZEOF_UNSIGNED_SHORT 2
| #define SIZEOF_UNSIGNED_INT 4
| #define SIZEOF_UNSIGNED_LONG 4
| #define SIZEOF_UNSIGNED_LONG_LONG 8
| #define SIZEOF_INT_P 4
| #define HAVE_STDLIB_H 1
| #define HAVE_SYS_TYPES_H 1
| #define HAVE_SYS_SOCKET_H 1
| #define HAVE_NETINET_IN_H 1
| #define HAVE_PWD_H 1
| #define ENVIRON_INCLUDED 1
| #define ENVIRON_LINKED 1
| #define DIRENT_HAS_D_TYPE 1
| #define C_HAS_ATTRIBUTE 1
| #define C_ATTRIBUTE_ALWAYS_INLINE 1
| #define C_HAS_BUILTIN_EXPECT 1
| #define HAVE_LIBASOUND 1
| #define HAVE_ALSA 1
| #define C_TARGETCPU UNKNOWN
| #define C_FPU 1
| #define C_SSHOT 1
| /* end confdefs.h.  */
| 
| /* Override any GCC internal prototype to avoid an error.
|    Use char because int might match the return type of a GCC
|    builtin and then its argument prototype would still apply.  */
| #ifdef __cplusplus
| extern "C"
| #endif
| char SDLNet_Init ();
| int
| main ()
| {
| return SDLNet_Init ();
|   ;
|   return 0;
| }
configure:6786: result: no
configure:6800: WARNING: Can't find SDL_net, internal modem and ipx disabled
configure:6805: checking for main in -lX11
configure:6824: gcc -o conftest -mcpu=arm1176jzf-s -march=armv6zk -mfpu=vfp -O2 -mcpu=arm1176jzf-s -march=armv6zk -mfpu=vfp -O2 -I/usr/include/SDL -D_GNU_SOURCE=1 -D_REENTRANT  conftest.c -lX11  -lasound -lm -ldl -lpthread -L/usr/lib/arm-linux-gnueabihf -lSDL -lpng -lz >&5
configure:6824: $? = 0
configure:6833: result: yes
configure:6841: checking X11/XKBlib.h usability
configure:6841: gcc -c -mcpu=arm1176jzf-s -march=armv6zk -mfpu=vfp -O2 -mcpu=arm1176jzf-s -march=armv6zk -mfpu=vfp -O2 -I/usr/include/SDL -D_GNU_SOURCE=1 -D_REENTRANT conftest.c >&5
configure:6841: $? = 0
configure:6841: result: yes
configure:6841: checking X11/XKBlib.h presence
configure:6841: gcc -E -mcpu=arm1176jzf-s -march=armv6zk -mfpu=vfp -O2 -I/usr/include/SDL -D_GNU_SOURCE=1 -D_REENTRANT conftest.c
configure:6841: $? = 0
configure:6841: result: yes
configure:6841: checking for X11/XKBlib.h
configure:6841: result: yes
configure:6849: checking for XKBlib support
configure:6855: result: yes
configure:6863: checking for main in -lGL
configure:6882: gcc -o conftest -mcpu=arm1176jzf-s -march=armv6zk -mfpu=vfp -O2 -mcpu=arm1176jzf-s -march=armv6zk -mfpu=vfp -O2 -I/usr/include/SDL -D_GNU_SOURCE=1 -D_REENTRANT  conftest.c -lGL  -lasound -lm -ldl -lpthread -L/usr/lib/arm-linux-gnueabihf -lSDL -lpng -lz -lX11 >&5
configure:6882: $? = 0
configure:6891: result: yes
configure:6899: checking for main in -lopengl32
configure:6918: gcc -o conftest -mcpu=arm1176jzf-s -march=armv6zk -mfpu=vfp -O2 -mcpu=arm1176jzf-s -march=armv6zk -mfpu=vfp -O2 -I/usr/include/SDL -D_GNU_SOURCE=1 -D_REENTRANT  conftest.c -lopengl32  -lasound -lm -ldl -lpthread -L/usr/lib/arm-linux-gnueabihf -lSDL -lpng -lz -lX11 >&5
/usr/bin/ld: cannot find -lopengl32
collect2: ld returned 1 exit status
configure:6918: $? = 1
configure: failed program was:
| /* confdefs.h */
| #define PACKAGE_NAME "dosbox"
| #define PACKAGE_TARNAME "dosbox"
| #define PACKAGE_VERSION "CVS"
| #define PACKAGE_STRING "dosbox CVS"
| #define PACKAGE_BUGREPORT ""
| #define PACKAGE_URL ""
| #define PACKAGE "dosbox"
| #define VERSION "CVS"
| #define STDC_HEADERS 1
| #define HAVE_SYS_TYPES_H 1
| #define HAVE_SYS_STAT_H 1
| #define HAVE_STDLIB_H 1
| #define HAVE_STRING_H 1
| #define HAVE_MEMORY_H 1
| #define HAVE_STRINGS_H 1
| #define HAVE_INTTYPES_H 1
| #define HAVE_STDINT_H 1
| #define HAVE_UNISTD_H 1
| #define SIZEOF_UNSIGNED_CHAR 1
| #define SIZEOF_UNSIGNED_SHORT 2
| #define SIZEOF_UNSIGNED_INT 4
| #define SIZEOF_UNSIGNED_LONG 4
| #define SIZEOF_UNSIGNED_LONG_LONG 8
| #define SIZEOF_INT_P 4
| #define HAVE_STDLIB_H 1
| #define HAVE_SYS_TYPES_H 1
| #define HAVE_SYS_SOCKET_H 1
| #define HAVE_NETINET_IN_H 1
| #define HAVE_PWD_H 1
| #define ENVIRON_INCLUDED 1
| #define ENVIRON_LINKED 1
| #define DIRENT_HAS_D_TYPE 1
| #define C_HAS_ATTRIBUTE 1
| #define C_ATTRIBUTE_ALWAYS_INLINE 1
| #define C_HAS_BUILTIN_EXPECT 1
| #define HAVE_LIBASOUND 1
| #define HAVE_ALSA 1
| #define C_TARGETCPU UNKNOWN
| #define C_FPU 1
| #define C_SSHOT 1
| #define C_X11_XKB 1
| /* end confdefs.h.  */
| 
| 
| int
| main ()
| {
| return main ();
|   ;
|   return 0;
| }
configure:6927: result: no
configure:6935: checking GL/gl.h usability
configure:6935: gcc -c -mcpu=arm1176jzf-s -march=armv6zk -mfpu=vfp -O2 -mcpu=arm1176jzf-s -march=armv6zk -mfpu=vfp -O2 -I/usr/include/SDL -D_GNU_SOURCE=1 -D_REENTRANT conftest.c >&5
configure:6935: $? = 0
configure:6935: result: yes
configure:6935: checking GL/gl.h presence
configure:6935: gcc -E -mcpu=arm1176jzf-s -march=armv6zk -mfpu=vfp -O2 -I/usr/include/SDL -D_GNU_SOURCE=1 -D_REENTRANT conftest.c
configure:6935: $? = 0
configure:6935: result: yes
configure:6935: checking for GL/gl.h
configure:6935: result: yes
configure:6950: checking whether opengl display output will be enabled
configure:6963: result: yes
configure:6983: checking SDL_sound.h usability
configure:6983: gcc -c -mcpu=arm1176jzf-s -march=armv6zk -mfpu=vfp -O2 -mcpu=arm1176jzf-s -march=armv6zk -mfpu=vfp -O2 -I/usr/include/SDL -D_GNU_SOURCE=1 -D_REENTRANT conftest.c >&5
conftest.c:78:23: fatal error: SDL_sound.h: No such file or directory
compilation terminated.
configure:6983: $? = 1
configure: failed program was:
| /* confdefs.h */
| #define PACKAGE_NAME "dosbox"
| #define PACKAGE_TARNAME "dosbox"
| #define PACKAGE_VERSION "CVS"
| #define PACKAGE_STRING "dosbox CVS"
| #define PACKAGE_BUGREPORT ""
| #define PACKAGE_URL ""
| #define PACKAGE "dosbox"
| #define VERSION "CVS"
| #define STDC_HEADERS 1
| #define HAVE_SYS_TYPES_H 1
| #define HAVE_SYS_STAT_H 1
| #define HAVE_STDLIB_H 1
| #define HAVE_STRING_H 1
| #define HAVE_MEMORY_H 1
| #define HAVE_STRINGS_H 1
| #define HAVE_INTTYPES_H 1
| #define HAVE_STDINT_H 1
| #define HAVE_UNISTD_H 1
| #define SIZEOF_UNSIGNED_CHAR 1
| #define SIZEOF_UNSIGNED_SHORT 2
| #define SIZEOF_UNSIGNED_INT 4
| #define SIZEOF_UNSIGNED_LONG 4
| #define SIZEOF_UNSIGNED_LONG_LONG 8
| #define SIZEOF_INT_P 4
| #define HAVE_STDLIB_H 1
| #define HAVE_SYS_TYPES_H 1
| #define HAVE_SYS_SOCKET_H 1
| #define HAVE_NETINET_IN_H 1
| #define HAVE_PWD_H 1
| #define ENVIRON_INCLUDED 1
| #define ENVIRON_LINKED 1
| #define DIRENT_HAS_D_TYPE 1
| #define C_HAS_ATTRIBUTE 1
| #define C_ATTRIBUTE_ALWAYS_INLINE 1
| #define C_HAS_BUILTIN_EXPECT 1
| #define HAVE_LIBASOUND 1
| #define HAVE_ALSA 1
| #define C_TARGETCPU UNKNOWN
| #define C_FPU 1
| #define C_SSHOT 1
| #define C_X11_XKB 1
| #define C_OPENGL 1
| /* end confdefs.h.  */
| #include <stdio.h>
| #ifdef HAVE_SYS_TYPES_H
| # include <sys/types.h>
| #endif
| #ifdef HAVE_SYS_STAT_H
| # include <sys/stat.h>
| #endif
| #ifdef STDC_HEADERS
| # include <stdlib.h>
| # include <stddef.h>
| #else
| # ifdef HAVE_STDLIB_H
| #  include <stdlib.h>
| # endif
| #endif
| #ifdef HAVE_STRING_H
| # if !defined STDC_HEADERS && defined HAVE_MEMORY_H
| #  include <memory.h>
| # endif
| # include <string.h>
| #endif
| #ifdef HAVE_STRINGS_H
| # include <strings.h>
| #endif
| #ifdef HAVE_INTTYPES_H
| # include <inttypes.h>
| #endif
| #ifdef HAVE_STDINT_H
| # include <stdint.h>
| #endif
| #ifdef HAVE_UNISTD_H
| # include <unistd.h>
| #endif
| #include <SDL_sound.h>
configure:6983: result: no
configure:6983: checking SDL_sound.h presence
configure:6983: gcc -E -mcpu=arm1176jzf-s -march=armv6zk -mfpu=vfp -O2 -I/usr/include/SDL -D_GNU_SOURCE=1 -D_REENTRANT conftest.c
conftest.c:45:23: fatal error: SDL_sound.h: No such file or directory
compilation terminated.
configure:6983: $? = 1
configure: failed program was:
| /* confdefs.h */
| #define PACKAGE_NAME "dosbox"
| #define PACKAGE_TARNAME "dosbox"
| #define PACKAGE_VERSION "CVS"
| #define PACKAGE_STRING "dosbox CVS"
| #define PACKAGE_BUGREPORT ""
| #define PACKAGE_URL ""
| #define PACKAGE "dosbox"
| #define VERSION "CVS"
| #define STDC_HEADERS 1
| #define HAVE_SYS_TYPES_H 1
| #define HAVE_SYS_STAT_H 1
| #define HAVE_STDLIB_H 1
| #define HAVE_STRING_H 1
| #define HAVE_MEMORY_H 1
| #define HAVE_STRINGS_H 1
| #define HAVE_INTTYPES_H 1
| #define HAVE_STDINT_H 1
| #define HAVE_UNISTD_H 1
| #define SIZEOF_UNSIGNED_CHAR 1
| #define SIZEOF_UNSIGNED_SHORT 2
| #define SIZEOF_UNSIGNED_INT 4
| #define SIZEOF_UNSIGNED_LONG 4
| #define SIZEOF_UNSIGNED_LONG_LONG 8
| #define SIZEOF_INT_P 4
| #define HAVE_STDLIB_H 1
| #define HAVE_SYS_TYPES_H 1
| #define HAVE_SYS_SOCKET_H 1
| #define HAVE_NETINET_IN_H 1
| #define HAVE_PWD_H 1
| #define ENVIRON_INCLUDED 1
| #define ENVIRON_LINKED 1
| #define DIRENT_HAS_D_TYPE 1
| #define C_HAS_ATTRIBUTE 1
| #define C_ATTRIBUTE_ALWAYS_INLINE 1
| #define C_HAS_BUILTIN_EXPECT 1
| #define HAVE_LIBASOUND 1
| #define HAVE_ALSA 1
| #define C_TARGETCPU UNKNOWN
| #define C_FPU 1
| #define C_SSHOT 1
| #define C_X11_XKB 1
| #define C_OPENGL 1
| /* end confdefs.h.  */
| #include <SDL_sound.h>
configure:6983: result: no
configure:6983: checking for SDL_sound.h
configure:6983: result: no
configure:6989: checking for Sound_Init in -lSDL_sound
configure:7014: gcc -o conftest -mcpu=arm1176jzf-s -march=armv6zk -mfpu=vfp -O2 -mcpu=arm1176jzf-s -march=armv6zk -mfpu=vfp -O2 -I/usr/include/SDL -D_GNU_SOURCE=1 -D_REENTRANT  conftest.c -lSDL_sound  -lasound -lm -ldl -lpthread -L/usr/lib/arm-linux-gnueabihf -lSDL -lpng -lz -lX11 -lGL >&5
/usr/bin/ld: cannot find -lSDL_sound
collect2: ld returned 1 exit status
configure:7014: $? = 1
configure: failed program was:
| /* confdefs.h */
| #define PACKAGE_NAME "dosbox"
| #define PACKAGE_TARNAME "dosbox"
| #define PACKAGE_VERSION "CVS"
| #define PACKAGE_STRING "dosbox CVS"
| #define PACKAGE_BUGREPORT ""
| #define PACKAGE_URL ""
| #define PACKAGE "dosbox"
| #define VERSION "CVS"
| #define STDC_HEADERS 1
| #define HAVE_SYS_TYPES_H 1
| #define HAVE_SYS_STAT_H 1
| #define HAVE_STDLIB_H 1
| #define HAVE_STRING_H 1
| #define HAVE_MEMORY_H 1
| #define HAVE_STRINGS_H 1
| #define HAVE_INTTYPES_H 1
| #define HAVE_STDINT_H 1
| #define HAVE_UNISTD_H 1
| #define SIZEOF_UNSIGNED_CHAR 1
| #define SIZEOF_UNSIGNED_SHORT 2
| #define SIZEOF_UNSIGNED_INT 4
| #define SIZEOF_UNSIGNED_LONG 4
| #define SIZEOF_UNSIGNED_LONG_LONG 8
| #define SIZEOF_INT_P 4
| #define HAVE_STDLIB_H 1
| #define HAVE_SYS_TYPES_H 1
| #define HAVE_SYS_SOCKET_H 1
| #define HAVE_NETINET_IN_H 1
| #define HAVE_PWD_H 1
| #define ENVIRON_INCLUDED 1
| #define ENVIRON_LINKED 1
| #define DIRENT_HAS_D_TYPE 1
| #define C_HAS_ATTRIBUTE 1
| #define C_ATTRIBUTE_ALWAYS_INLINE 1
| #define C_HAS_BUILTIN_EXPECT 1
| #define HAVE_LIBASOUND 1
| #define HAVE_ALSA 1
| #define C_TARGETCPU UNKNOWN
| #define C_FPU 1
| #define C_SSHOT 1
| #define C_X11_XKB 1
| #define C_OPENGL 1
| /* end confdefs.h.  */
| 
| /* Override any GCC internal prototype to avoid an error.
|    Use char because int might match the return type of a GCC
|    builtin and then its argument prototype would still apply.  */
| #ifdef __cplusplus
| extern "C"
| #endif
| char Sound_Init ();
| int
| main ()
| {
| return Sound_Init ();
|   ;
|   return 0;
| }
configure:7023: result: no
configure:7029: checking for Sound_Seek in -lSDL_sound
configure:7054: gcc -o conftest -mcpu=arm1176jzf-s -march=armv6zk -mfpu=vfp -O2 -mcpu=arm1176jzf-s -march=armv6zk -mfpu=vfp -O2 -I/usr/include/SDL -D_GNU_SOURCE=1 -D_REENTRANT  conftest.c -lSDL_sound  -lasound -lm -ldl -lpthread -L/usr/lib/arm-linux-gnueabihf -lSDL -lpng -lz -lX11 -lGL >&5
/usr/bin/ld: cannot find -lSDL_sound
collect2: ld returned 1 exit status
configure:7054: $? = 1
configure: failed program was:
| /* confdefs.h */
| #define PACKAGE_NAME "dosbox"
| #define PACKAGE_TARNAME "dosbox"
| #define PACKAGE_VERSION "CVS"
| #define PACKAGE_STRING "dosbox CVS"
| #define PACKAGE_BUGREPORT ""
| #define PACKAGE_URL ""
| #define PACKAGE "dosbox"
| #define VERSION "CVS"
| #define STDC_HEADERS 1
| #define HAVE_SYS_TYPES_H 1
| #define HAVE_SYS_STAT_H 1
| #define HAVE_STDLIB_H 1
| #define HAVE_STRING_H 1
| #define HAVE_MEMORY_H 1
| #define HAVE_STRINGS_H 1
| #define HAVE_INTTYPES_H 1
| #define HAVE_STDINT_H 1
| #define HAVE_UNISTD_H 1
| #define SIZEOF_UNSIGNED_CHAR 1
| #define SIZEOF_UNSIGNED_SHORT 2
| #define SIZEOF_UNSIGNED_INT 4
| #define SIZEOF_UNSIGNED_LONG 4
| #define SIZEOF_UNSIGNED_LONG_LONG 8
| #define SIZEOF_INT_P 4
| #define HAVE_STDLIB_H 1
| #define HAVE_SYS_TYPES_H 1
| #define HAVE_SYS_SOCKET_H 1
| #define HAVE_NETINET_IN_H 1
| #define HAVE_PWD_H 1
| #define ENVIRON_INCLUDED 1
| #define ENVIRON_LINKED 1
| #define DIRENT_HAS_D_TYPE 1
| #define C_HAS_ATTRIBUTE 1
| #define C_ATTRIBUTE_ALWAYS_INLINE 1
| #define C_HAS_BUILTIN_EXPECT 1
| #define HAVE_LIBASOUND 1
| #define HAVE_ALSA 1
| #define C_TARGETCPU UNKNOWN
| #define C_FPU 1
| #define C_SSHOT 1
| #define C_X11_XKB 1
| #define C_OPENGL 1
| /* end confdefs.h.  */
| 
| /* Override any GCC internal prototype to avoid an error.
|    Use char because int might match the return type of a GCC
|    builtin and then its argument prototype would still apply.  */
| #ifdef __cplusplus
| extern "C"
| #endif
| char Sound_Seek ();
| int
| main ()
| {
| return Sound_Seek ();
|   ;
|   return 0;
| }
configure:7063: result: no
configure:7079: WARNING: Can't find libSDL_sound, libSDL_sound support disabled
configure:7084: checking sys/mman.h usability
configure:7084: gcc -c -mcpu=arm1176jzf-s -march=armv6zk -mfpu=vfp -O2 -mcpu=arm1176jzf-s -march=armv6zk -mfpu=vfp -O2 -I/usr/include/SDL -D_GNU_SOURCE=1 -D_REENTRANT conftest.c >&5
configure:7084: $? = 0
configure:7084: result: yes
configure:7084: checking sys/mman.h presence
configure:7084: gcc -E -mcpu=arm1176jzf-s -march=armv6zk -mfpu=vfp -O2 -I/usr/include/SDL -D_GNU_SOURCE=1 -D_REENTRANT conftest.c
configure:7084: $? = 0
configure:7084: result: yes
configure:7084: checking for sys/mman.h
configure:7084: result: yes
configure:7087: checking for mprotect
configure:7087: gcc -o conftest -mcpu=arm1176jzf-s -march=armv6zk -mfpu=vfp -O2 -mcpu=arm1176jzf-s -march=armv6zk -mfpu=vfp -O2 -I/usr/include/SDL -D_GNU_SOURCE=1 -D_REENTRANT  conftest.c -lasound -lm -ldl -lpthread -L/usr/lib/arm-linux-gnueabihf -lSDL -lpng -lz -lX11 -lGL >&5
configure:7087: $? = 0
configure:7087: result: yes
configure:7099: checking for setpriority support
configure:7110: gcc -o conftest -mcpu=arm1176jzf-s -march=armv6zk -mfpu=vfp -O2 -mcpu=arm1176jzf-s -march=armv6zk -mfpu=vfp -O2 -I/usr/include/SDL -D_GNU_SOURCE=1 -D_REENTRANT  conftest.c -lasound -lm -ldl -lpthread -L/usr/lib/arm-linux-gnueabihf -lSDL -lpng -lz -lX11 -lGL >&5
configure:7110: $? = 0
configure:7111: result: yes
configure:7419: creating ./config.status

## ---------------------- ##
## Running config.status. ##
## ---------------------- ##

This file was extended by dosbox config.status CVS, which was
generated by GNU Autoconf 2.67.  Invocation command line was

  CONFIG_FILES    = 
  CONFIG_HEADERS  = 
  CONFIG_LINKS    = 
  CONFIG_COMMANDS = 
  $ ./config.status 

on raspberrypi

config.status:930: creating Makefile
config.status:930: creating src/Makefile
config.status:930: creating src/cpu/Makefile
config.status:930: creating src/cpu/core_full/Makefile
config.status:930: creating src/cpu/core_normal/Makefile
config.status:930: creating src/cpu/core_dyn_x86/Makefile
config.status:930: creating src/cpu/core_dynrec/Makefile
config.status:930: creating src/debug/Makefile
config.status:930: creating src/dos/Makefile
config.status:930: creating src/fpu/Makefile
config.status:930: creating src/gui/Makefile
config.status:930: creating src/hardware/Makefile
config.status:930: creating src/hardware/serialport/Makefile
config.status:930: creating src/ints/Makefile
config.status:930: creating src/libs/Makefile
config.status:930: creating src/libs/zmbv/Makefile
config.status:930: creating src/libs/gui_tk/Makefile
config.status:930: creating src/misc/Makefile
config.status:930: creating src/shell/Makefile
config.status:930: creating src/platform/Makefile
config.status:930: creating src/platform/visualc/Makefile
config.status:930: creating visualc_net/Makefile
config.status:930: creating include/Makefile
config.status:930: creating docs/Makefile
config.status:930: creating config.h
config.status:1158: executing depfiles commands

## ---------------- ##
## Cache variables. ##
## ---------------- ##

ac_cv_build=armv6l-unknown-linux-gnueabi
ac_cv_c_bigendian=no
ac_cv_c_compiler_gnu=yes
ac_cv_c_const=yes
ac_cv_c_inline=inline
ac_cv_cxx_compiler_gnu=yes
ac_cv_env_CCC_set=
ac_cv_env_CCC_value=
ac_cv_env_CC_set=
ac_cv_env_CC_value=
ac_cv_env_CFLAGS_set=set
ac_cv_env_CFLAGS_value='-mcpu=arm1176jzf-s -march=armv6zk -mfpu=vfp -O2'
ac_cv_env_CPPFLAGS_set=set
ac_cv_env_CPPFLAGS_value='-mcpu=arm1176jzf-s -march=armv6zk -mfpu=vfp -O2'
ac_cv_env_CPP_set=
ac_cv_env_CPP_value=
ac_cv_env_CXXFLAGS_set=
ac_cv_env_CXXFLAGS_value=
ac_cv_env_CXX_set=
ac_cv_env_CXX_value=
ac_cv_env_LDFLAGS_set=
ac_cv_env_LDFLAGS_value=
ac_cv_env_LIBS_set=
ac_cv_env_LIBS_value=
ac_cv_env_build_alias_set=
ac_cv_env_build_alias_value=
ac_cv_env_host_alias_set=
ac_cv_env_host_alias_value=
ac_cv_env_target_alias_set=
ac_cv_env_target_alias_value=
ac_cv_func_mprotect=yes
ac_cv_header_GL_gl_h=yes
ac_cv_header_SDL_net_h=no
ac_cv_header_SDL_sound_h=no
ac_cv_header_X11_XKBlib_h=yes
ac_cv_header_inttypes_h=yes
ac_cv_header_memory_h=yes
ac_cv_header_netinet_in_h=yes
ac_cv_header_png_h=yes
ac_cv_header_pwd_h=yes
ac_cv_header_stdc=yes
ac_cv_header_stdint_h=yes
ac_cv_header_stdlib_h=yes
ac_cv_header_string_h=yes
ac_cv_header_strings_h=yes
ac_cv_header_sys_mman_h=yes
ac_cv_header_sys_socket_h=yes
ac_cv_header_sys_stat_h=yes
ac_cv_header_sys_types_h=yes
ac_cv_header_unistd_h=yes
ac_cv_host=armv6l-unknown-linux-gnueabi
ac_cv_lib_GL_main=yes
ac_cv_lib_SDL_net_SDLNet_Init=no
ac_cv_lib_SDL_sound_Sound_Init=no
ac_cv_lib_SDL_sound_Sound_Seek=no
ac_cv_lib_X11_main=yes
ac_cv_lib_asound_snd_ctl_open=yes
ac_cv_lib_opengl32_main=no
ac_cv_lib_png_png_get_io_ptr=yes
ac_cv_objext=o
ac_cv_path_EGREP='/bin/grep -E'
ac_cv_path_GREP=/bin/grep
ac_cv_path_SDL_CONFIG=/usr/bin/sdl-config
ac_cv_path_install='/usr/bin/install -c'
ac_cv_path_mkdir=/bin/mkdir
ac_cv_prog_AWK=mawk
ac_cv_prog_CPP='gcc -E'
ac_cv_prog_ac_ct_CC=gcc
ac_cv_prog_ac_ct_CXX=g++
ac_cv_prog_ac_ct_RANLIB=ranlib
ac_cv_prog_cc_c89=
ac_cv_prog_cc_g=yes
ac_cv_prog_cxx_g=yes
ac_cv_prog_make_make_set=yes
ac_cv_sizeof_int_p=4
ac_cv_sizeof_unsigned_char=1
ac_cv_sizeof_unsigned_int=4
ac_cv_sizeof_unsigned_long=4
ac_cv_sizeof_unsigned_long_long=8
ac_cv_sizeof_unsigned_short=2
ac_cv_struct_tm=time.h
ac_cv_type_size_t=yes
am_cv_CC_dependencies_compiler_type=gcc3
am_cv_CXX_dependencies_compiler_type=gcc3

## ----------------- ##
## Output variables. ##
## ----------------- ##

ACLOCAL='${SHELL} /root/Raspbian/fastdosbox/dosbox/missing --run aclocal-1.11'
ALSA_CFLAGS=''
ALSA_LIBS=' -lasound -lm -ldl -lpthread'
AMDEPBACKSLASH='\'
AMDEP_FALSE='#'
AMDEP_TRUE=''
AMTAR='${SHELL} /root/Raspbian/fastdosbox/dosbox/missing --run tar'
AUTOCONF='${SHELL} /root/Raspbian/fastdosbox/dosbox/missing --run autoconf'
AUTOHEADER='${SHELL} /root/Raspbian/fastdosbox/dosbox/missing --run autoheader'
AUTOMAKE='${SHELL} /root/Raspbian/fastdosbox/dosbox/missing --run automake-1.11'
AWK='mawk'
CC='gcc'
CCDEPMODE='depmode=gcc3'
CFLAGS='-mcpu=arm1176jzf-s -march=armv6zk -mfpu=vfp -O2'
CPP='gcc -E'
CPPFLAGS='-mcpu=arm1176jzf-s -march=armv6zk -mfpu=vfp -O2 -I/usr/include/SDL -D_GNU_SOURCE=1 -D_REENTRANT'
CXX='g++'
CXXDEPMODE='depmode=gcc3'
CXXFLAGS='-g -O2 '
CYGPATH_W='echo'
DEFS='-DHAVE_CONFIG_H'
DEPDIR='.deps'
ECHO_C=''
ECHO_N='-n'
ECHO_T=''
EGREP='/bin/grep -E'
EXEEXT=''
GREP='/bin/grep'
HAVE_WINDRES_FALSE=''
HAVE_WINDRES_TRUE='#'
INSTALL_DATA='${INSTALL} -m 644'
INSTALL_PROGRAM='${INSTALL}'
INSTALL_SCRIPT='${INSTALL}'
INSTALL_STRIP_PROGRAM='$(install_sh) -c -s'
LDFLAGS=''
LIBOBJS=''
LIBS='-lasound -lm -ldl -lpthread -L/usr/lib/arm-linux-gnueabihf -lSDL -lpng -lz -lX11 -lGL'
LTLIBOBJS=''
MAKEINFO='${SHELL} /root/Raspbian/fastdosbox/dosbox/missing --run makeinfo'
MKDIR_P='/bin/mkdir -p'
OBJEXT='o'
PACKAGE='dosbox'
PACKAGE_BUGREPORT=''
PACKAGE_NAME='dosbox'
PACKAGE_STRING='dosbox CVS'
PACKAGE_TARNAME='dosbox'
PACKAGE_URL=''
PACKAGE_VERSION='CVS'
PATH_SEPARATOR=':'
RANLIB='ranlib'
SDL_CFLAGS='-I/usr/include/SDL -D_GNU_SOURCE=1 -D_REENTRANT'
SDL_CONFIG='/usr/bin/sdl-config'
SDL_LIBS='-L/usr/lib/arm-linux-gnueabihf -lSDL'
SET_MAKE=''
SHELL='/bin/bash'
STRIP=''
VERSION='CVS'
WINDRES=':'
ac_ct_CC='gcc'
ac_ct_CXX='g++'
am__EXEEXT_FALSE=''
am__EXEEXT_TRUE='#'
am__fastdepCC_FALSE='#'
am__fastdepCC_TRUE=''
am__fastdepCXX_FALSE='#'
am__fastdepCXX_TRUE=''
am__include='include'
am__isrc=''
am__leading_dot='.'
am__quote=''
am__tar='${AMTAR} chof - "$$tardir"'
am__untar='${AMTAR} xf -'
bindir='${exec_prefix}/bin'
build='armv6l-unknown-linux-gnueabi'
build_alias=''
build_cpu='armv6l'
build_os='linux-gnueabi'
build_vendor='unknown'
datadir='${datarootdir}'
datarootdir='${prefix}/share'
docdir='${datarootdir}/doc/${PACKAGE_TARNAME}'
dvidir='${docdir}'
exec_prefix='${prefix}'
host='armv6l-unknown-linux-gnueabi'
host_alias=''
host_cpu='armv6l'
host_os='linux-gnueabi'
host_vendor='unknown'
htmldir='${docdir}'
includedir='${prefix}/include'
infodir='${datarootdir}/info'
install_sh='${SHELL} /root/Raspbian/fastdosbox/dosbox/install-sh'
libdir='${exec_prefix}/lib'
libexecdir='${exec_prefix}/libexec'
localedir='${datarootdir}/locale'
localstatedir='${prefix}/var'
mandir='${datarootdir}/man'
mkdir_p='/bin/mkdir -p'
oldincludedir='/usr/include'
pdfdir='${docdir}'
prefix='/usr/local'
program_transform_name='s,x,x,'
psdir='${docdir}'
sbindir='${exec_prefix}/sbin'
sharedstatedir='${prefix}/com'
sysconfdir='${prefix}/etc'
target_alias=''

## ----------- ##
## confdefs.h. ##
## ----------- ##

/* confdefs.h */
#define PACKAGE_NAME "dosbox"
#define PACKAGE_TARNAME "dosbox"
#define PACKAGE_VERSION "CVS"
#define PACKAGE_STRING "dosbox CVS"
#define PACKAGE_BUGREPORT ""
#define PACKAGE_URL ""
#define PACKAGE "dosbox"
#define VERSION "CVS"
#define STDC_HEADERS 1
#define HAVE_SYS_TYPES_H 1
#define HAVE_SYS_STAT_H 1
#define HAVE_STDLIB_H 1
#define HAVE_STRING_H 1
#define HAVE_MEMORY_H 1
#define HAVE_STRINGS_H 1
#define HAVE_INTTYPES_H 1
#define HAVE_STDINT_H 1
#define HAVE_UNISTD_H 1
#define SIZEOF_UNSIGNED_CHAR 1
#define SIZEOF_UNSIGNED_SHORT 2
#define SIZEOF_UNSIGNED_INT 4
#define SIZEOF_UNSIGNED_LONG 4
#define SIZEOF_UNSIGNED_LONG_LONG 8
#define SIZEOF_INT_P 4
#define HAVE_STDLIB_H 1
#define HAVE_SYS_TYPES_H 1
#define HAVE_SYS_SOCKET_H 1
#define HAVE_NETINET_IN_H 1
#define HAVE_PWD_H 1
#define ENVIRON_INCLUDED 1
#define ENVIRON_LINKED 1
#define DIRENT_HAS_D_TYPE 1
#define C_HAS_ATTRIBUTE 1
#define C_ATTRIBUTE_ALWAYS_INLINE 1
#define C_HAS_BUILTIN_EXPECT 1
#define HAVE_LIBASOUND 1
#define HAVE_ALSA 1
#define C_TARGETCPU UNKNOWN
#define C_FPU 1
#define C_SSHOT 1
#define C_X11_XKB 1
#define C_OPENGL 1
#define C_HAVE_MPROTECT 1
#define C_SET_PRIORITY 1
#define LINUX 1
#define C_DIRECTSERIAL 1

configure: exit 0
